<?xml version="1.0" encoding="UTF-8"?>
<testsuite name="tests.FindCarTest" tests="3" skipped="0" failures="0" errors="0" timestamp="2021-11-27T17:05:24" hostname="DESKTOP-LB14E35" time="9.949">
  <properties/>
  <testcase name="findCarTest1" classname="tests.FindCarTest" time="1.256"/>
  <testcase name="findCarTest3" classname="tests.FindCarTest" time="2.862"/>
  <testcase name="searchTestYear" classname="tests.FindCarTest" time="3.128"/>
  <system-out><![CDATA[19:05:23 INFO  manager.MyListener - Start search element by locator-->By.cssSelector: .logo
19:05:23 INFO  manager.MyListener - The element with locator-->By.cssSelector: .logo was found
19:05:23 INFO  manager.MyListener - Click on WebElement by locator-->[[ChromeDriver: chrome on WINDOWS (190c39b33732a01f72726455bddc3781)] -> css selector: .logo]
19:05:24 INFO  manager.MyListener - Start search element by locator-->By.id: city
19:05:24 INFO  manager.MyListener - The element with locator-->By.id: city was found
19:05:24 INFO  manager.MyListener - Click on WebElement by locator-->[[ChromeDriver: chrome on WINDOWS (190c39b33732a01f72726455bddc3781)] -> id: city]
19:05:24 INFO  manager.MyListener - Start search element by locator-->By.cssSelector: div.pac-item
19:05:25 INFO  manager.MyListener - The element with locator-->By.cssSelector: div.pac-item was found
19:05:25 INFO  manager.MyListener - Click on WebElement by locator-->[[ChromeDriver: chrome on WINDOWS (190c39b33732a01f72726455bddc3781)] -> css selector: div.pac-item]
19:05:25 INFO  manager.MyListener - Start search element by locator-->By.id: dates
19:05:25 INFO  manager.MyListener - The element with locator-->By.id: dates was found
Windows 10
19:05:25 INFO  manager.MyListener - Start search element by locator-->By.xpath: //button[@type='submit']
19:05:25 INFO  manager.MyListener - The element with locator-->By.xpath: //button[@type='submit'] was found
19:05:25 INFO  manager.MyListener - Start search element by locator-->By.cssSelector: .search-results
19:05:25 INFO  manager.MyListener - The element with locator-->By.cssSelector: .search-results was found
19:05:25 INFO  manager.MyListener - Start search element by locator-->By.cssSelector: .logo
19:05:25 INFO  manager.MyListener - The element with locator-->By.cssSelector: .logo was found
19:05:26 INFO  manager.MyListener - Click on WebElement by locator-->[[ChromeDriver: chrome on WINDOWS (190c39b33732a01f72726455bddc3781)] -> css selector: .logo]
19:05:27 INFO  manager.MyListener - Start search element by locator-->By.id: city
19:05:27 INFO  manager.MyListener - The element with locator-->By.id: city was found
19:05:27 INFO  manager.MyListener - Click on WebElement by locator-->[[ChromeDriver: chrome on WINDOWS (190c39b33732a01f72726455bddc3781)] -> id: city]
19:05:27 INFO  manager.MyListener - Start search element by locator-->By.cssSelector: div.pac-item
19:05:27 INFO  manager.MyListener - The element with locator-->By.cssSelector: div.pac-item was found
19:05:27 INFO  manager.MyListener - Click on WebElement by locator-->[[ChromeDriver: chrome on WINDOWS (190c39b33732a01f72726455bddc3781)] -> css selector: div.pac-item]
19:05:27 INFO  manager.MyListener - Start search element by locator-->By.id: dates
19:05:27 INFO  manager.MyListener - The element with locator-->By.id: dates was found
19:05:27 INFO  manager.MyListener - Click on WebElement by locator-->[[ChromeDriver: chrome on WINDOWS (190c39b33732a01f72726455bddc3781)] -> id: dates]
19:05:27 INFO  manager.MyListener - Start search element by locator-->By.xpath: //div[.=' 30 ']
19:05:27 INFO  manager.MyListener - The element with locator-->By.xpath: //div[.=' 30 '] was found
19:05:28 INFO  manager.MyListener - Click on WebElement by locator-->[[ChromeDriver: chrome on WINDOWS (190c39b33732a01f72726455bddc3781)] -> xpath: //div[.=' 30 ']]
19:05:28 INFO  manager.MyListener - Start search element by locator-->By.xpath: //button[@aria-label='Next month']
19:05:28 INFO  manager.MyListener - The element with locator-->By.xpath: //button[@aria-label='Next month'] was found
19:05:28 INFO  manager.MyListener - Click on WebElement by locator-->[[ChromeDriver: chrome on WINDOWS (190c39b33732a01f72726455bddc3781)] -> xpath: //button[@aria-label='Next month']]
19:05:28 INFO  manager.MyListener - Start search element by locator-->By.xpath: //button[@aria-label='Next month']
19:05:28 INFO  manager.MyListener - The element with locator-->By.xpath: //button[@aria-label='Next month'] was found
19:05:28 INFO  manager.MyListener - Click on WebElement by locator-->[[ChromeDriver: chrome on WINDOWS (190c39b33732a01f72726455bddc3781)] -> xpath: //button[@aria-label='Next month']]
19:05:28 INFO  manager.MyListener - Start search element by locator-->By.xpath: //button[@aria-label='Next month']
19:05:28 INFO  manager.MyListener - The element with locator-->By.xpath: //button[@aria-label='Next month'] was found
19:05:28 INFO  manager.MyListener - Click on WebElement by locator-->[[ChromeDriver: chrome on WINDOWS (190c39b33732a01f72726455bddc3781)] -> xpath: //button[@aria-label='Next month']]
19:05:28 INFO  manager.MyListener - Start search element by locator-->By.xpath: //button[@aria-label='Next month']
19:05:28 INFO  manager.MyListener - The element with locator-->By.xpath: //button[@aria-label='Next month'] was found
19:05:28 INFO  manager.MyListener - Click on WebElement by locator-->[[ChromeDriver: chrome on WINDOWS (190c39b33732a01f72726455bddc3781)] -> xpath: //button[@aria-label='Next month']]
19:05:28 INFO  manager.MyListener - Start search element by locator-->By.xpath: //button[@aria-label='Next month']
19:05:28 INFO  manager.MyListener - The element with locator-->By.xpath: //button[@aria-label='Next month'] was found
19:05:28 INFO  manager.MyListener - Click on WebElement by locator-->[[ChromeDriver: chrome on WINDOWS (190c39b33732a01f72726455bddc3781)] -> xpath: //button[@aria-label='Next month']]
19:05:28 INFO  manager.MyListener - Start search element by locator-->By.xpath: //button[@aria-label='Next month']
19:05:28 INFO  manager.MyListener - The element with locator-->By.xpath: //button[@aria-label='Next month'] was found
19:05:28 INFO  manager.MyListener - Click on WebElement by locator-->[[ChromeDriver: chrome on WINDOWS (190c39b33732a01f72726455bddc3781)] -> xpath: //button[@aria-label='Next month']]
19:05:28 INFO  manager.MyListener - Start search element by locator-->By.xpath: //button[@aria-label='Next month']
19:05:28 INFO  manager.MyListener - The element with locator-->By.xpath: //button[@aria-label='Next month'] was found
19:05:28 INFO  manager.MyListener - Click on WebElement by locator-->[[ChromeDriver: chrome on WINDOWS (190c39b33732a01f72726455bddc3781)] -> xpath: //button[@aria-label='Next month']]
19:05:28 INFO  manager.MyListener - Start search element by locator-->By.xpath: //button[@aria-label='Next month']
19:05:28 INFO  manager.MyListener - The element with locator-->By.xpath: //button[@aria-label='Next month'] was found
19:05:28 INFO  manager.MyListener - Click on WebElement by locator-->[[ChromeDriver: chrome on WINDOWS (190c39b33732a01f72726455bddc3781)] -> xpath: //button[@aria-label='Next month']]
19:05:28 INFO  manager.MyListener - Start search element by locator-->By.xpath: //button[@aria-label='Next month']
19:05:28 INFO  manager.MyListener - The element with locator-->By.xpath: //button[@aria-label='Next month'] was found
19:05:28 INFO  manager.MyListener - Click on WebElement by locator-->[[ChromeDriver: chrome on WINDOWS (190c39b33732a01f72726455bddc3781)] -> xpath: //button[@aria-label='Next month']]
19:05:28 INFO  manager.MyListener - Start search element by locator-->By.xpath: //div[.=' 26 ']
19:05:28 INFO  manager.MyListener - The element with locator-->By.xpath: //div[.=' 26 '] was found
19:05:28 INFO  manager.MyListener - Click on WebElement by locator-->[[ChromeDriver: chrome on WINDOWS (190c39b33732a01f72726455bddc3781)] -> xpath: //div[.=' 26 ']]
19:05:28 INFO  manager.MyListener - Start search element by locator-->By.xpath: //button[@type='submit']
19:05:28 INFO  manager.MyListener - The element with locator-->By.xpath: //button[@type='submit'] was found
19:05:29 INFO  manager.MyListener - Start search element by locator-->By.cssSelector: .cars-container
19:05:29 INFO  manager.MyListener - The element with locator-->By.cssSelector: .cars-container was found
19:05:29 INFO  manager.MyListener - Start search element by locator-->By.cssSelector: .logo
19:05:30 INFO  manager.MyListener - The element with locator-->By.cssSelector: .logo was found
19:05:30 INFO  manager.MyListener - Click on WebElement by locator-->[[ChromeDriver: chrome on WINDOWS (190c39b33732a01f72726455bddc3781)] -> css selector: .logo]
19:05:31 INFO  manager.MyListener - Start search element by locator-->By.id: city
19:05:31 INFO  manager.MyListener - The element with locator-->By.id: city was found
19:05:31 INFO  manager.MyListener - Click on WebElement by locator-->[[ChromeDriver: chrome on WINDOWS (190c39b33732a01f72726455bddc3781)] -> id: city]
19:05:31 INFO  manager.MyListener - Start search element by locator-->By.cssSelector: div.pac-item
19:05:32 INFO  manager.MyListener - The element with locator-->By.cssSelector: div.pac-item was found
19:05:32 INFO  manager.MyListener - Click on WebElement by locator-->[[ChromeDriver: chrome on WINDOWS (190c39b33732a01f72726455bddc3781)] -> css selector: div.pac-item]
19:05:32 INFO  manager.MyListener - Start search element by locator-->By.id: dates
19:05:32 INFO  manager.MyListener - The element with locator-->By.id: dates was found
19:05:32 INFO  manager.MyListener - Click on WebElement by locator-->[[ChromeDriver: chrome on WINDOWS (190c39b33732a01f72726455bddc3781)] -> id: dates]
19:05:32 INFO  manager.MyListener - Start search element by locator-->By.xpath: //button[@aria-label='Next month']
19:05:32 INFO  manager.MyListener - The element with locator-->By.xpath: //button[@aria-label='Next month'] was found
19:05:32 INFO  manager.MyListener - Click on WebElement by locator-->[[ChromeDriver: chrome on WINDOWS (190c39b33732a01f72726455bddc3781)] -> xpath: //button[@aria-label='Next month']]
19:05:32 INFO  manager.MyListener - Start search element by locator-->By.xpath: //div[.=' 12 ']
19:05:32 INFO  manager.MyListener - The element with locator-->By.xpath: //div[.=' 12 '] was found
19:05:32 INFO  manager.MyListener - Click on WebElement by locator-->[[ChromeDriver: chrome on WINDOWS (190c39b33732a01f72726455bddc3781)] -> xpath: //div[.=' 12 ']]
19:05:32 INFO  manager.MyListener - Start search element by locator-->By.xpath: //button[@aria-label='Next month']
19:05:32 INFO  manager.MyListener - The element with locator-->By.xpath: //button[@aria-label='Next month'] was found
19:05:32 INFO  manager.MyListener - Click on WebElement by locator-->[[ChromeDriver: chrome on WINDOWS (190c39b33732a01f72726455bddc3781)] -> xpath: //button[@aria-label='Next month']]
19:05:32 INFO  manager.MyListener - Start search element by locator-->By.xpath: //button[@aria-label='Next month']
19:05:32 INFO  manager.MyListener - The element with locator-->By.xpath: //button[@aria-label='Next month'] was found
19:05:32 INFO  manager.MyListener - Click on WebElement by locator-->[[ChromeDriver: chrome on WINDOWS (190c39b33732a01f72726455bddc3781)] -> xpath: //button[@aria-label='Next month']]
19:05:32 INFO  manager.MyListener - Start search element by locator-->By.xpath: //button[@aria-label='Next month']
19:05:32 INFO  manager.MyListener - The element with locator-->By.xpath: //button[@aria-label='Next month'] was found
19:05:32 INFO  manager.MyListener - Click on WebElement by locator-->[[ChromeDriver: chrome on WINDOWS (190c39b33732a01f72726455bddc3781)] -> xpath: //button[@aria-label='Next month']]
19:05:32 INFO  manager.MyListener - Start search element by locator-->By.xpath: //button[@aria-label='Next month']
19:05:32 INFO  manager.MyListener - The element with locator-->By.xpath: //button[@aria-label='Next month'] was found
19:05:32 INFO  manager.MyListener - Click on WebElement by locator-->[[ChromeDriver: chrome on WINDOWS (190c39b33732a01f72726455bddc3781)] -> xpath: //button[@aria-label='Next month']]
19:05:32 INFO  manager.MyListener - Start search element by locator-->By.xpath: //button[@aria-label='Next month']
19:05:32 INFO  manager.MyListener - The element with locator-->By.xpath: //button[@aria-label='Next month'] was found
19:05:32 INFO  manager.MyListener - Click on WebElement by locator-->[[ChromeDriver: chrome on WINDOWS (190c39b33732a01f72726455bddc3781)] -> xpath: //button[@aria-label='Next month']]
19:05:32 INFO  manager.MyListener - Start search element by locator-->By.xpath: //button[@aria-label='Next month']
19:05:32 INFO  manager.MyListener - The element with locator-->By.xpath: //button[@aria-label='Next month'] was found
19:05:32 INFO  manager.MyListener - Click on WebElement by locator-->[[ChromeDriver: chrome on WINDOWS (190c39b33732a01f72726455bddc3781)] -> xpath: //button[@aria-label='Next month']]
19:05:32 INFO  manager.MyListener - Start search element by locator-->By.xpath: //div[.=' 6 ']
19:05:32 INFO  manager.MyListener - The element with locator-->By.xpath: //div[.=' 6 '] was found
19:05:33 INFO  manager.MyListener - Click on WebElement by locator-->[[ChromeDriver: chrome on WINDOWS (190c39b33732a01f72726455bddc3781)] -> xpath: //div[.=' 6 ']]
19:05:33 INFO  manager.MyListener - Start search element by locator-->By.xpath: //button[@type='submit']
19:05:33 INFO  manager.MyListener - The element with locator-->By.xpath: //button[@type='submit'] was found
19:05:33 INFO  manager.MyListener - Start search element by locator-->By.cssSelector: .cars-container
19:05:34 INFO  manager.MyListener - The element with locator-->By.cssSelector: .cars-container was found
]]></system-out>
  <system-err><![CDATA[]]></system-err>
</testsuite>
